[19Apr2025 21:29:09.272] [main/INFO] [cpw.mods.modlauncher.Launcher/MODLAUNCHER]: ModLauncher running: args [--gameDir, ., --launchTarget, fmlserver, --fml.forgeVersion, 36.2.42, --fml.mcpVersion, 20210115.111550, --fml.mcVersion, 1.16.5, --fml.forgeGroup, net.minecraftforge, nogui]
[19Apr2025 21:29:09.278] [main/INFO] [cpw.mods.modlauncher.Launcher/MODLAUNCHER]: ModLauncher 8.1.3+8.1.3+main-8.1.x.c94d18ec starting: java version 11.0.26 by Ubuntu
[19Apr2025 21:29:09.679] [main/INFO] [net.minecraftforge.fml.loading.FixSSL/CORE]: Added Lets Encrypt root certificates as additional trust
[19Apr2025 21:29:09.772] [main/INFO] [mixin/]: SpongePowered MIXIN Subsystem Version=0.8.4 Source=file:/workspaces/msx3/servidor_minecraft/libraries/org/spongepowered/mixin/0.8.4/mixin-0.8.4.jar Service=ModLauncher Env=SERVER
[19Apr2025 21:29:10.649] [main/INFO] [STDERR/]: [jdk.nashorn.api.scripting.NashornScriptEngine:<init>:143]: Warning: Nashorn engine is planned to be removed from a future JDK release
[19Apr2025 21:29:10.838] [main/INFO] [STDERR/]: [jdk.nashorn.api.scripting.NashornScriptEngine:<init>:143]: Warning: Nashorn engine is planned to be removed from a future JDK release
[19Apr2025 21:29:10.853] [main/INFO] [STDERR/]: [jdk.nashorn.api.scripting.NashornScriptEngine:<init>:143]: Warning: Nashorn engine is planned to be removed from a future JDK release
[19Apr2025 21:29:10.867] [main/INFO] [STDERR/]: [jdk.nashorn.api.scripting.NashornScriptEngine:<init>:143]: Warning: Nashorn engine is planned to be removed from a future JDK release
[19Apr2025 21:29:10.878] [main/INFO] [STDERR/]: [jdk.nashorn.api.scripting.NashornScriptEngine:<init>:143]: Warning: Nashorn engine is planned to be removed from a future JDK release
[19Apr2025 21:29:10.890] [main/INFO] [STDERR/]: [jdk.nashorn.api.scripting.NashornScriptEngine:<init>:143]: Warning: Nashorn engine is planned to be removed from a future JDK release
[19Apr2025 21:29:13.128] [main/INFO] [cpw.mods.modlauncher.LaunchServiceHandler/MODLAUNCHER]: Launching target 'fmlserver' with arguments [--gameDir, ., nogui]
[19Apr2025 21:29:13.392] [main/INFO] [Embeddium Extra Config/]: Loaded configuration file for Embeddium Extra: 27 options available, 0 override(s) found
[19Apr2025 21:29:13.442] [main/INFO] [Embeddium/]: Loaded configuration file for Embeddium: 66 options available, 0 override(s) found
[19Apr2025 21:29:14.020] [main/FATAL] [net.minecraftforge.fml.loading.RuntimeDistCleaner/DISTXFORM]: Attempted to load class net/minecraft/client/MouseHelper for invalid dist DEDICATED_SERVER
[19Apr2025 21:29:14.021] [main/WARN] [mixin/]: Error loading class: net/minecraft/client/MouseHelper (java.lang.RuntimeException: Attempted to load class net/minecraft/client/MouseHelper for invalid dist DEDICATED_SERVER)
[19Apr2025 21:29:14.024] [main/WARN] [mixin/]: @Mixin target net.minecraft.client.MouseHelper was not found magnesium_extras.mixins.json:Zoom.MouseMixin
[19Apr2025 21:29:24.260] [main/INFO] [com.jtorleonstudios.libraryferret.LibraryFerret/]: Welcome! /workspaces/msx3/servidor_minecraft/config/libraryferret_1.properties created and initialized with default value
[19Apr2025 21:29:24.390] [main/FATAL] [net.minecraftforge.fml.loading.RuntimeDistCleaner/DISTXFORM]: Attempted to load class net/minecraft/client/gui/screen/Screen for invalid dist DEDICATED_SERVER
[19Apr2025 21:29:24.391] [main/ERROR] [net.minecraftforge.fml.javafmlmod.FMLModContainer/LOADING]: Failed to load class io.jtorleon.bettercommandblock.Main
java.lang.RuntimeException: Attempted to load class net/minecraft/client/gui/screen/Screen for invalid dist DEDICATED_SERVER
	at net.minecraftforge.fml.loading.RuntimeDistCleaner.processClassWithFlags(RuntimeDistCleaner.java:57) ~[forge-1.16.5-36.2.42.jar:36.2]
	at cpw.mods.modlauncher.LaunchPluginHandler.offerClassNodeToPlugins(LaunchPluginHandler.java:85) ~[modlauncher-8.1.3.jar:?]
	at cpw.mods.modlauncher.ClassTransformer.transform(ClassTransformer.java:120) ~[modlauncher-8.1.3.jar:?]
	at cpw.mods.modlauncher.TransformingClassLoader$DelegatedClassLoader.findClass(TransformingClassLoader.java:265) ~[modlauncher-8.1.3.jar:?]
	at cpw.mods.modlauncher.TransformingClassLoader.loadClass(TransformingClassLoader.java:136) ~[modlauncher-8.1.3.jar:?]
	at cpw.mods.modlauncher.TransformingClassLoader.loadClass(TransformingClassLoader.java:98) ~[modlauncher-8.1.3.jar:?]
	at java.lang.ClassLoader.loadClass(ClassLoader.java:527) ~[?:?]
	at java.lang.Class.forName0(Native Method) ~[?:?]
	at java.lang.Class.forName(Class.java:398) ~[?:?]
	at net.minecraftforge.fml.javafmlmod.FMLModContainer.<init>(FMLModContainer.java:47) ~[forge:36.2]
	at jdk.internal.reflect.GeneratedConstructorAccessor27.newInstance(Unknown Source) ~[?:?]
	at jdk.internal.reflect.DelegatingConstructorAccessorImpl.newInstance(DelegatingConstructorAccessorImpl.java:45) ~[?:?]
	at java.lang.reflect.Constructor.newInstance(Constructor.java:490) ~[?:?]
	at net.minecraftforge.fml.javafmlmod.FMLJavaModLanguageProvider$FMLModTarget.loadMod(FMLJavaModLanguageProvider.java:62) ~[forge:36.2]
	at net.minecraftforge.fml.ModLoader.buildModContainerFromTOML(ModLoader.java:288) ~[forge:?]
	at net.minecraftforge.fml.ModLoader.lambda$buildMods$29(ModLoader.java:267) ~[forge:?]
	at java.util.stream.ReferencePipeline$3$1.accept(ReferencePipeline.java:195) ~[?:?]
	at java.util.HashMap$EntrySpliterator.forEachRemaining(HashMap.java:1764) ~[?:?]
	at java.util.stream.AbstractPipeline.copyInto(AbstractPipeline.java:484) ~[?:?]
	at java.util.stream.AbstractPipeline.wrapAndCopyInto(AbstractPipeline.java:474) ~[?:?]
	at java.util.stream.ReduceOps$ReduceOp.evaluateSequential(ReduceOps.java:913) ~[?:?]
	at java.util.stream.AbstractPipeline.evaluate(AbstractPipeline.java:234) ~[?:?]
	at java.util.stream.ReferencePipeline.collect(ReferencePipeline.java:578) ~[?:?]
	at net.minecraftforge.fml.ModLoader.buildMods(ModLoader.java:269) ~[forge:?]
	at net.minecraftforge.fml.ModLoader.lambda$gatherAndInitializeMods$11(ModLoader.java:169) ~[forge:?]
	at java.util.stream.ReferencePipeline$3$1.accept(ReferencePipeline.java:195) ~[?:?]
	at java.util.stream.ReferencePipeline$3$1.accept(ReferencePipeline.java:195) ~[?:?]
	at java.util.ArrayList$ArrayListSpliterator.forEachRemaining(ArrayList.java:1655) ~[?:?]
	at java.util.stream.AbstractPipeline.copyInto(AbstractPipeline.java:484) ~[?:?]
	at java.util.stream.AbstractPipeline.wrapAndCopyInto(AbstractPipeline.java:474) ~[?:?]
	at java.util.stream.ReduceOps$ReduceOp.evaluateSequential(ReduceOps.java:913) ~[?:?]
	at java.util.stream.AbstractPipeline.evaluate(AbstractPipeline.java:234) ~[?:?]
	at java.util.stream.ReferencePipeline.collect(ReferencePipeline.java:578) ~[?:?]
	at net.minecraftforge.fml.ModLoader.gatherAndInitializeMods(ModLoader.java:171) ~[forge:?]
	at net.minecraftforge.fml.server.ServerModLoader.load(ServerModLoader.java:30) ~[forge:?]
	at net.minecraft.server.Main.main(Main.java:95) ~[?:?]
	at jdk.internal.reflect.NativeMethodAccessorImpl.invoke0(Native Method) ~[?:?]
	at jdk.internal.reflect.NativeMethodAccessorImpl.invoke(NativeMethodAccessorImpl.java:62) ~[?:?]
	at jdk.internal.reflect.DelegatingMethodAccessorImpl.invoke(DelegatingMethodAccessorImpl.java:43) ~[?:?]
	at java.lang.reflect.Method.invoke(Method.java:566) ~[?:?]
	at net.minecraftforge.fml.loading.FMLServerLaunchProvider.lambda$launchService$0(FMLServerLaunchProvider.java:37) ~[forge-1.16.5-36.2.42.jar:36.2]
	at cpw.mods.modlauncher.LaunchServiceHandlerDecorator.launch(LaunchServiceHandlerDecorator.java:37) [modlauncher-8.1.3.jar:?]
	at cpw.mods.modlauncher.LaunchServiceHandler.launch(LaunchServiceHandler.java:54) [modlauncher-8.1.3.jar:?]
	at cpw.mods.modlauncher.LaunchServiceHandler.launch(LaunchServiceHandler.java:72) [modlauncher-8.1.3.jar:?]
	at cpw.mods.modlauncher.Launcher.run(Launcher.java:82) [modlauncher-8.1.3.jar:?]
	at cpw.mods.modlauncher.Launcher.main(Launcher.java:66) [modlauncher-8.1.3.jar:?]
	at net.minecraftforge.server.ServerMain$Runner.runLauncher(ServerMain.java:49) [forge-1.16.5-36.2.42.jar:?]
	at net.minecraftforge.server.ServerMain$Runner.access$100(ServerMain.java:46) [forge-1.16.5-36.2.42.jar:?]
	at net.minecraftforge.server.ServerMain.main(ServerMain.java:43) [forge-1.16.5-36.2.42.jar:?]
[19Apr2025 21:29:24.406] [main/FATAL] [net.minecraftforge.fml.javafmlmod.FMLJavaModLanguageProvider/LOADING]: Failed to build mod
java.lang.reflect.InvocationTargetException: null
	at jdk.internal.reflect.GeneratedConstructorAccessor27.newInstance(Unknown Source) ~[?:?]
	at jdk.internal.reflect.DelegatingConstructorAccessorImpl.newInstance(DelegatingConstructorAccessorImpl.java:45) ~[?:?]
	at java.lang.reflect.Constructor.newInstance(Constructor.java:490) ~[?:?]
	at net.minecraftforge.fml.javafmlmod.FMLJavaModLanguageProvider$FMLModTarget.loadMod(FMLJavaModLanguageProvider.java:62) ~[forge:36.2]
	at net.minecraftforge.fml.ModLoader.buildModContainerFromTOML(ModLoader.java:288) ~[forge:?]
	at net.minecraftforge.fml.ModLoader.lambda$buildMods$29(ModLoader.java:267) ~[forge:?]
	at java.util.stream.ReferencePipeline$3$1.accept(ReferencePipeline.java:195) ~[?:?]
	at java.util.HashMap$EntrySpliterator.forEachRemaining(HashMap.java:1764) ~[?:?]
	at java.util.stream.AbstractPipeline.copyInto(AbstractPipeline.java:484) ~[?:?]
	at java.util.stream.AbstractPipeline.wrapAndCopyInto(AbstractPipeline.java:474) ~[?:?]
	at java.util.stream.ReduceOps$ReduceOp.evaluateSequential(ReduceOps.java:913) ~[?:?]
	at java.util.stream.AbstractPipeline.evaluate(AbstractPipeline.java:234) ~[?:?]
	at java.util.stream.ReferencePipeline.collect(ReferencePipeline.java:578) ~[?:?]
	at net.minecraftforge.fml.ModLoader.buildMods(ModLoader.java:269) ~[forge:?]
	at net.minecraftforge.fml.ModLoader.lambda$gatherAndInitializeMods$11(ModLoader.java:169) ~[forge:?]
	at java.util.stream.ReferencePipeline$3$1.accept(ReferencePipeline.java:195) ~[?:?]
	at java.util.stream.ReferencePipeline$3$1.accept(ReferencePipeline.java:195) ~[?:?]
	at java.util.ArrayList$ArrayListSpliterator.forEachRemaining(ArrayList.java:1655) ~[?:?]
	at java.util.stream.AbstractPipeline.copyInto(AbstractPipeline.java:484) ~[?:?]
	at java.util.stream.AbstractPipeline.wrapAndCopyInto(AbstractPipeline.java:474) ~[?:?]
	at java.util.stream.ReduceOps$ReduceOp.evaluateSequential(ReduceOps.java:913) ~[?:?]
	at java.util.stream.AbstractPipeline.evaluate(AbstractPipeline.java:234) ~[?:?]
	at java.util.stream.ReferencePipeline.collect(ReferencePipeline.java:578) ~[?:?]
	at net.minecraftforge.fml.ModLoader.gatherAndInitializeMods(ModLoader.java:171) ~[forge:?]
	at net.minecraftforge.fml.server.ServerModLoader.load(ServerModLoader.java:30) ~[forge:?]
	at net.minecraft.server.Main.main(Main.java:95) ~[?:?]
	at jdk.internal.reflect.NativeMethodAccessorImpl.invoke0(Native Method) ~[?:?]
	at jdk.internal.reflect.NativeMethodAccessorImpl.invoke(NativeMethodAccessorImpl.java:62) ~[?:?]
	at jdk.internal.reflect.DelegatingMethodAccessorImpl.invoke(DelegatingMethodAccessorImpl.java:43) ~[?:?]
	at java.lang.reflect.Method.invoke(Method.java:566) ~[?:?]
	at net.minecraftforge.fml.loading.FMLServerLaunchProvider.lambda$launchService$0(FMLServerLaunchProvider.java:37) ~[forge-1.16.5-36.2.42.jar:36.2]
	at cpw.mods.modlauncher.LaunchServiceHandlerDecorator.launch(LaunchServiceHandlerDecorator.java:37) [modlauncher-8.1.3.jar:?]
	at cpw.mods.modlauncher.LaunchServiceHandler.launch(LaunchServiceHandler.java:54) [modlauncher-8.1.3.jar:?]
	at cpw.mods.modlauncher.LaunchServiceHandler.launch(LaunchServiceHandler.java:72) [modlauncher-8.1.3.jar:?]
	at cpw.mods.modlauncher.Launcher.run(Launcher.java:82) [modlauncher-8.1.3.jar:?]
	at cpw.mods.modlauncher.Launcher.main(Launcher.java:66) [modlauncher-8.1.3.jar:?]
	at net.minecraftforge.server.ServerMain$Runner.runLauncher(ServerMain.java:49) [forge-1.16.5-36.2.42.jar:?]
	at net.minecraftforge.server.ServerMain$Runner.access$100(ServerMain.java:46) [forge-1.16.5-36.2.42.jar:?]
	at net.minecraftforge.server.ServerMain.main(ServerMain.java:43) [forge-1.16.5-36.2.42.jar:?]
Caused by: net.minecraftforge.fml.ModLoadingException: IDE Better Command Block has class loading errors
ยง7java.lang.RuntimeException: Attempted to load class net/minecraft/client/gui/screen/Screen for invalid dist DEDICATED_SERVER
	at net.minecraftforge.fml.javafmlmod.FMLModContainer.<init>(FMLModContainer.java:53) ~[forge:36.2]
	... 39 more
Caused by: java.lang.RuntimeException: Attempted to load class net/minecraft/client/gui/screen/Screen for invalid dist DEDICATED_SERVER
	at net.minecraftforge.fml.loading.RuntimeDistCleaner.processClassWithFlags(RuntimeDistCleaner.java:57) ~[forge-1.16.5-36.2.42.jar:36.2]
	at cpw.mods.modlauncher.LaunchPluginHandler.offerClassNodeToPlugins(LaunchPluginHandler.java:85) ~[modlauncher-8.1.3.jar:?]
	at cpw.mods.modlauncher.ClassTransformer.transform(ClassTransformer.java:120) ~[modlauncher-8.1.3.jar:?]
	at cpw.mods.modlauncher.TransformingClassLoader$DelegatedClassLoader.findClass(TransformingClassLoader.java:265) ~[modlauncher-8.1.3.jar:?]
	at cpw.mods.modlauncher.TransformingClassLoader.loadClass(TransformingClassLoader.java:136) ~[modlauncher-8.1.3.jar:?]
	at cpw.mods.modlauncher.TransformingClassLoader.loadClass(TransformingClassLoader.java:98) ~[modlauncher-8.1.3.jar:?]
	at java.lang.ClassLoader.loadClass(ClassLoader.java:527) ~[?:?]
	at java.lang.Class.forName0(Native Method) ~[?:?]
	at java.lang.Class.forName(Class.java:398) ~[?:?]
	at net.minecraftforge.fml.javafmlmod.FMLModContainer.<init>(FMLModContainer.java:47) ~[forge:36.2]
	... 39 more
[19Apr2025 21:29:24.554] [main/FATAL] [net.minecraftforge.fml.ModLoader/CORE]: Failed to initialize mod containers
net.minecraftforge.fml.ModLoadingException: IDE Better Command Block has class loading errors
ยง7java.lang.RuntimeException: Attempted to load class net/minecraft/client/gui/screen/Screen for invalid dist DEDICATED_SERVER
	at net.minecraftforge.fml.javafmlmod.FMLModContainer.<init>(FMLModContainer.java:53) ~[forge:36.2]
	at jdk.internal.reflect.GeneratedConstructorAccessor27.newInstance(Unknown Source) ~[?:?]
	at jdk.internal.reflect.DelegatingConstructorAccessorImpl.newInstance(DelegatingConstructorAccessorImpl.java:45) ~[?:?]
	at java.lang.reflect.Constructor.newInstance(Constructor.java:490) ~[?:?]
	at net.minecraftforge.fml.javafmlmod.FMLJavaModLanguageProvider$FMLModTarget.loadMod(FMLJavaModLanguageProvider.java:62) ~[forge:36.2]
	at net.minecraftforge.fml.ModLoader.buildModContainerFromTOML(ModLoader.java:288) ~[forge:?]
	at net.minecraftforge.fml.ModLoader.lambda$buildMods$29(ModLoader.java:267) ~[forge:?]
	at java.util.stream.ReferencePipeline$3$1.accept(ReferencePipeline.java:195) ~[?:?]
	at java.util.HashMap$EntrySpliterator.forEachRemaining(HashMap.java:1764) ~[?:?]
	at java.util.stream.AbstractPipeline.copyInto(AbstractPipeline.java:484) ~[?:?]
	at java.util.stream.AbstractPipeline.wrapAndCopyInto(AbstractPipeline.java:474) ~[?:?]
	at java.util.stream.ReduceOps$ReduceOp.evaluateSequential(ReduceOps.java:913) ~[?:?]
	at java.util.stream.AbstractPipeline.evaluate(AbstractPipeline.java:234) ~[?:?]
	at java.util.stream.ReferencePipeline.collect(ReferencePipeline.java:578) ~[?:?]
	at net.minecraftforge.fml.ModLoader.buildMods(ModLoader.java:269) ~[forge:?]
	at net.minecraftforge.fml.ModLoader.lambda$gatherAndInitializeMods$11(ModLoader.java:169) ~[forge:?]
	at java.util.stream.ReferencePipeline$3$1.accept(ReferencePipeline.java:195) ~[?:?]
	at java.util.stream.ReferencePipeline$3$1.accept(ReferencePipeline.java:195) ~[?:?]
	at java.util.ArrayList$ArrayListSpliterator.forEachRemaining(ArrayList.java:1655) ~[?:?]
	at java.util.stream.AbstractPipeline.copyInto(AbstractPipeline.java:484) ~[?:?]
	at java.util.stream.AbstractPipeline.wrapAndCopyInto(AbstractPipeline.java:474) ~[?:?]
	at java.util.stream.ReduceOps$ReduceOp.evaluateSequential(ReduceOps.java:913) ~[?:?]
	at java.util.stream.AbstractPipeline.evaluate(AbstractPipeline.java:234) ~[?:?]
	at java.util.stream.ReferencePipeline.collect(ReferencePipeline.java:578) ~[?:?]
	at net.minecraftforge.fml.ModLoader.gatherAndInitializeMods(ModLoader.java:171) ~[forge:?]
	at net.minecraftforge.fml.server.ServerModLoader.load(ServerModLoader.java:30) ~[forge:?]
	at net.minecraft.server.Main.main(Main.java:95) ~[?:?]
	at jdk.internal.reflect.NativeMethodAccessorImpl.invoke0(Native Method) ~[?:?]
	at jdk.internal.reflect.NativeMethodAccessorImpl.invoke(NativeMethodAccessorImpl.java:62) ~[?:?]
	at jdk.internal.reflect.DelegatingMethodAccessorImpl.invoke(DelegatingMethodAccessorImpl.java:43) ~[?:?]
	at java.lang.reflect.Method.invoke(Method.java:566) ~[?:?]
	at net.minecraftforge.fml.loading.FMLServerLaunchProvider.lambda$launchService$0(FMLServerLaunchProvider.java:37) ~[forge-1.16.5-36.2.42.jar:36.2]
	at cpw.mods.modlauncher.LaunchServiceHandlerDecorator.launch(LaunchServiceHandlerDecorator.java:37) [modlauncher-8.1.3.jar:?]
	at cpw.mods.modlauncher.LaunchServiceHandler.launch(LaunchServiceHandler.java:54) [modlauncher-8.1.3.jar:?]
	at cpw.mods.modlauncher.LaunchServiceHandler.launch(LaunchServiceHandler.java:72) [modlauncher-8.1.3.jar:?]
	at cpw.mods.modlauncher.Launcher.run(Launcher.java:82) [modlauncher-8.1.3.jar:?]
	at cpw.mods.modlauncher.Launcher.main(Launcher.java:66) [modlauncher-8.1.3.jar:?]
	at net.minecraftforge.server.ServerMain$Runner.runLauncher(ServerMain.java:49) [forge-1.16.5-36.2.42.jar:?]
	at net.minecraftforge.server.ServerMain$Runner.access$100(ServerMain.java:46) [forge-1.16.5-36.2.42.jar:?]
	at net.minecraftforge.server.ServerMain.main(ServerMain.java:43) [forge-1.16.5-36.2.42.jar:?]
Caused by: java.lang.RuntimeException: Attempted to load class net/minecraft/client/gui/screen/Screen for invalid dist DEDICATED_SERVER
	at net.minecraftforge.fml.loading.RuntimeDistCleaner.processClassWithFlags(RuntimeDistCleaner.java:57) ~[forge-1.16.5-36.2.42.jar:36.2]
	at cpw.mods.modlauncher.LaunchPluginHandler.offerClassNodeToPlugins(LaunchPluginHandler.java:85) ~[modlauncher-8.1.3.jar:?]
	at cpw.mods.modlauncher.ClassTransformer.transform(ClassTransformer.java:120) ~[modlauncher-8.1.3.jar:?]
	at cpw.mods.modlauncher.TransformingClassLoader$DelegatedClassLoader.findClass(TransformingClassLoader.java:265) ~[modlauncher-8.1.3.jar:?]
	at cpw.mods.modlauncher.TransformingClassLoader.loadClass(TransformingClassLoader.java:136) ~[modlauncher-8.1.3.jar:?]
	at cpw.mods.modlauncher.TransformingClassLoader.loadClass(TransformingClassLoader.java:98) ~[modlauncher-8.1.3.jar:?]
	at java.lang.ClassLoader.loadClass(ClassLoader.java:527) ~[?:?]
	at java.lang.Class.forName0(Native Method) ~[?:?]
	at java.lang.Class.forName(Class.java:398) ~[?:?]
	at net.minecraftforge.fml.javafmlmod.FMLModContainer.<init>(FMLModContainer.java:47) ~[forge:36.2]
	... 39 more
[19Apr2025 21:29:24.630] [main/INFO] [STDOUT/]: [net.minecraft.crash.CrashReport:func_85057_a:196]: Negative index in crash report handler (16/18)
[19Apr2025 21:29:24.649] [main/FATAL] [net.minecraftforge.fml.server.ServerModLoader/]: Crash report saved to ./crash-reports/crash-2025-04-19_21.29.24-fml.txt
[19Apr2025 21:29:24.738] [main/FATAL] [net.minecraft.server.Main/]: Failed to start the minecraft server
net.minecraftforge.fml.LoadingFailedException: Loading errors encountered: [
	IDE Better Command Block has class loading errors
ยง7java.lang.RuntimeException: Attempted to load class net/minecraft/client/gui/screen/Screen for invalid dist DEDICATED_SERVER
]
	at net.minecraftforge.fml.ModLoader.gatherAndInitializeMods(ModLoader.java:176) ~[forge:?]
	at net.minecraftforge.fml.server.ServerModLoader.load(ServerModLoader.java:30) ~[forge:?]
	at net.minecraft.server.Main.main(Main.java:95) ~[?:?]
	at jdk.internal.reflect.NativeMethodAccessorImpl.invoke0(Native Method) ~[?:?]
	at jdk.internal.reflect.NativeMethodAccessorImpl.invoke(NativeMethodAccessorImpl.java:62) ~[?:?]
	at jdk.internal.reflect.DelegatingMethodAccessorImpl.invoke(DelegatingMethodAccessorImpl.java:43) ~[?:?]
	at java.lang.reflect.Method.invoke(Method.java:566) ~[?:?]
	at net.minecraftforge.fml.loading.FMLServerLaunchProvider.lambda$launchService$0(FMLServerLaunchProvider.java:37) ~[forge-1.16.5-36.2.42.jar:36.2]
	at cpw.mods.modlauncher.LaunchServiceHandlerDecorator.launch(LaunchServiceHandlerDecorator.java:37) [modlauncher-8.1.3.jar:?]
	at cpw.mods.modlauncher.LaunchServiceHandler.launch(LaunchServiceHandler.java:54) [modlauncher-8.1.3.jar:?]
	at cpw.mods.modlauncher.LaunchServiceHandler.launch(LaunchServiceHandler.java:72) [modlauncher-8.1.3.jar:?]
	at cpw.mods.modlauncher.Launcher.run(Launcher.java:82) [modlauncher-8.1.3.jar:?]
	at cpw.mods.modlauncher.Launcher.main(Launcher.java:66) [modlauncher-8.1.3.jar:?]
	at net.minecraftforge.server.ServerMain$Runner.runLauncher(ServerMain.java:49) [forge-1.16.5-36.2.42.jar:?]
	at net.minecraftforge.server.ServerMain$Runner.access$100(ServerMain.java:46) [forge-1.16.5-36.2.42.jar:?]
	at net.minecraftforge.server.ServerMain.main(ServerMain.java:43) [forge-1.16.5-36.2.42.jar:?]
